<?xml version="1.0" encoding="UTF-8"?>
<testsuite xmlns:xsi="http://www.w3.org/2001/XMLSchema-instance" xsi:noNamespaceSchemaLocation="https://maven.apache.org/surefire/maven-surefire-plugin/xsd/surefire-test-report.xsd" name="zyy.campuscommunity.demo.CampuscommunityApplicationTests" time="16.568" tests="1" errors="0" skipped="0" failures="0">
  <properties>
    <property name="sun.desktop" value="windows"/>
    <property name="awt.toolkit" value="sun.awt.windows.WToolkit"/>
    <property name="file.encoding.pkg" value="sun.io"/>
    <property name="java.specification.version" value="1.8"/>
    <property name="sun.cpu.isalist" value="amd64"/>
    <property name="sun.jnu.encoding" value="GBK"/>
    <property name="java.class.path" value="D:\workplace\java_eclipse\campuscommunity\target\test-classes;D:\workplace\java_eclipse\campuscommunity\target\classes;C:\Users\zhaoyuyang\.m2\repository\org\springframework\boot\spring-boot-starter-data-redis\2.2.0.BUILD-SNAPSHOT\spring-boot-starter-data-redis-2.2.0.BUILD-SNAPSHOT.jar;C:\Users\zhaoyuyang\.m2\repository\org\springframework\boot\spring-boot-starter\2.2.0.BUILD-SNAPSHOT\spring-boot-starter-2.2.0.BUILD-SNAPSHOT.jar;C:\Users\zhaoyuyang\.m2\repository\org\springframework\boot\spring-boot\2.2.0.BUILD-SNAPSHOT\spring-boot-2.2.0.BUILD-SNAPSHOT.jar;C:\Users\zhaoyuyang\.m2\repository\org\springframework\boot\spring-boot-autoconfigure\2.2.0.BUILD-SNAPSHOT\spring-boot-autoconfigure-2.2.0.BUILD-SNAPSHOT.jar;C:\Users\zhaoyuyang\.m2\repository\org\springframework\boot\spring-boot-starter-logging\2.2.0.BUILD-SNAPSHOT\spring-boot-starter-logging-2.2.0.BUILD-SNAPSHOT.jar;C:\Users\zhaoyuyang\.m2\repository\ch\qos\logback\logback-classic\1.2.3\logback-classic-1.2.3.jar;C:\Users\zhaoyuyang\.m2\repository\ch\qos\logback\logback-core\1.2.3\logback-core-1.2.3.jar;C:\Users\zhaoyuyang\.m2\repository\org\apache\logging\log4j\log4j-to-slf4j\2.11.2\log4j-to-slf4j-2.11.2.jar;C:\Users\zhaoyuyang\.m2\repository\org\apache\logging\log4j\log4j-api\2.11.2\log4j-api-2.11.2.jar;C:\Users\zhaoyuyang\.m2\repository\org\slf4j\jul-to-slf4j\1.7.26\jul-to-slf4j-1.7.26.jar;C:\Users\zhaoyuyang\.m2\repository\org\yaml\snakeyaml\1.24\snakeyaml-1.24.jar;C:\Users\zhaoyuyang\.m2\repository\org\springframework\data\spring-data-redis\2.2.0.M2\spring-data-redis-2.2.0.M2.jar;C:\Users\zhaoyuyang\.m2\repository\org\springframework\data\spring-data-keyvalue\2.2.0.M2\spring-data-keyvalue-2.2.0.M2.jar;C:\Users\zhaoyuyang\.m2\repository\org\springframework\spring-tx\5.2.0.BUILD-SNAPSHOT\spring-tx-5.2.0.BUILD-SNAPSHOT.jar;C:\Users\zhaoyuyang\.m2\repository\org\springframework\spring-oxm\5.2.0.BUILD-SNAPSHOT\spring-oxm-5.2.0.BUILD-SNAPSHOT.jar;C:\Users\zhaoyuyang\.m2\repository\org\springframework\spring-aop\5.2.0.BUILD-SNAPSHOT\spring-aop-5.2.0.BUILD-SNAPSHOT.jar;C:\Users\zhaoyuyang\.m2\repository\org\slf4j\slf4j-api\1.7.26\slf4j-api-1.7.26.jar;C:\Users\zhaoyuyang\.m2\repository\io\lettuce\lettuce-core\5.1.5.RELEASE\lettuce-core-5.1.5.RELEASE.jar;C:\Users\zhaoyuyang\.m2\repository\io\netty\netty-common\4.1.33.Final\netty-common-4.1.33.Final.jar;C:\Users\zhaoyuyang\.m2\repository\io\netty\netty-handler\4.1.33.Final\netty-handler-4.1.33.Final.jar;C:\Users\zhaoyuyang\.m2\repository\io\netty\netty-buffer\4.1.33.Final\netty-buffer-4.1.33.Final.jar;C:\Users\zhaoyuyang\.m2\repository\io\netty\netty-codec\4.1.33.Final\netty-codec-4.1.33.Final.jar;C:\Users\zhaoyuyang\.m2\repository\io\netty\netty-transport\4.1.33.Final\netty-transport-4.1.33.Final.jar;C:\Users\zhaoyuyang\.m2\repository\io\netty\netty-resolver\4.1.33.Final\netty-resolver-4.1.33.Final.jar;C:\Users\zhaoyuyang\.m2\repository\io\projectreactor\reactor-core\3.2.6.RELEASE\reactor-core-3.2.6.RELEASE.jar;C:\Users\zhaoyuyang\.m2\repository\org\reactivestreams\reactive-streams\1.0.2\reactive-streams-1.0.2.jar;C:\Users\zhaoyuyang\.m2\repository\org\springframework\boot\spring-boot-starter-data-solr\2.2.0.BUILD-SNAPSHOT\spring-boot-starter-data-solr-2.2.0.BUILD-SNAPSHOT.jar;C:\Users\zhaoyuyang\.m2\repository\org\apache\solr\solr-solrj\8.0.0\solr-solrj-8.0.0.jar;C:\Users\zhaoyuyang\.m2\repository\org\apache\commons\commons-math3\3.6.1\commons-math3-3.6.1.jar;C:\Users\zhaoyuyang\.m2\repository\org\apache\httpcomponents\httpclient\4.5.7\httpclient-4.5.7.jar;C:\Users\zhaoyuyang\.m2\repository\org\apache\httpcomponents\httpcore\4.4.11\httpcore-4.4.11.jar;C:\Users\zhaoyuyang\.m2\repository\org\apache\zookeeper\zookeeper\3.4.13\zookeeper-3.4.13.jar;C:\Users\zhaoyuyang\.m2\repository\org\codehaus\woodstox\stax2-api\3.1.4\stax2-api-3.1.4.jar;C:\Users\zhaoyuyang\.m2\repository\org\codehaus\woodstox\woodstox-core-asl\4.4.1\woodstox-core-asl-4.4.1.jar;C:\Users\zhaoyuyang\.m2\repository\org\eclipse\jetty\jetty-alpn-client\9.4.14.v20181114\jetty-alpn-client-9.4.14.v20181114.jar;C:\Users\zhaoyuyang\.m2\repository\org\eclipse\jetty\jetty-alpn-java-client\9.4.14.v20181114\jetty-alpn-java-client-9.4.14.v20181114.jar;C:\Users\zhaoyuyang\.m2\repository\org\eclipse\jetty\jetty-client\9.4.14.v20181114\jetty-client-9.4.14.v20181114.jar;C:\Users\zhaoyuyang\.m2\repository\org\eclipse\jetty\jetty-http\9.4.14.v20181114\jetty-http-9.4.14.v20181114.jar;C:\Users\zhaoyuyang\.m2\repository\org\eclipse\jetty\jetty-io\9.4.14.v20181114\jetty-io-9.4.14.v20181114.jar;C:\Users\zhaoyuyang\.m2\repository\org\eclipse\jetty\jetty-util\9.4.14.v20181114\jetty-util-9.4.14.v20181114.jar;C:\Users\zhaoyuyang\.m2\repository\org\eclipse\jetty\http2\http2-client\9.4.14.v20181114\http2-client-9.4.14.v20181114.jar;C:\Users\zhaoyuyang\.m2\repository\org\eclipse\jetty\http2\http2-common\9.4.14.v20181114\http2-common-9.4.14.v20181114.jar;C:\Users\zhaoyuyang\.m2\repository\org\eclipse\jetty\http2\http2-hpack\9.4.14.v20181114\http2-hpack-9.4.14.v20181114.jar;C:\Users\zhaoyuyang\.m2\repository\org\eclipse\jetty\http2\http2-http-client-transport\9.4.14.v20181114\http2-http-client-transport-9.4.14.v20181114.jar;C:\Users\zhaoyuyang\.m2\repository\org\noggit\noggit\0.8\noggit-0.8.jar;C:\Users\zhaoyuyang\.m2\repository\org\springframework\data\spring-data-solr\4.1.0.M2\spring-data-solr-4.1.0.M2.jar;C:\Users\zhaoyuyang\.m2\repository\org\springframework\spring-context\5.2.0.BUILD-SNAPSHOT\spring-context-5.2.0.BUILD-SNAPSHOT.jar;C:\Users\zhaoyuyang\.m2\repository\org\springframework\data\spring-data-commons\2.2.0.M2\spring-data-commons-2.2.0.M2.jar;C:\Users\zhaoyuyang\.m2\repository\com\fasterxml\jackson\core\jackson-databind\2.9.8\jackson-databind-2.9.8.jar;C:\Users\zhaoyuyang\.m2\repository\com\fasterxml\jackson\core\jackson-annotations\2.9.0\jackson-annotations-2.9.0.jar;C:\Users\zhaoyuyang\.m2\repository\com\fasterxml\jackson\core\jackson-core\2.9.8\jackson-core-2.9.8.jar;C:\Users\zhaoyuyang\.m2\repository\org\apache\httpcomponents\httpmime\4.5.7\httpmime-4.5.7.jar;C:\Users\zhaoyuyang\.m2\repository\org\springframework\boot\spring-boot-starter-tomcat\2.2.0.BUILD-SNAPSHOT\spring-boot-starter-tomcat-2.2.0.BUILD-SNAPSHOT.jar;C:\Users\zhaoyuyang\.m2\repository\jakarta\annotation\jakarta.annotation-api\1.3.4\jakarta.annotation-api-1.3.4.jar;C:\Users\zhaoyuyang\.m2\repository\org\apache\tomcat\embed\tomcat-embed-core\9.0.16\tomcat-embed-core-9.0.16.jar;C:\Users\zhaoyuyang\.m2\repository\org\apache\tomcat\embed\tomcat-embed-el\9.0.16\tomcat-embed-el-9.0.16.jar;C:\Users\zhaoyuyang\.m2\repository\org\apache\tomcat\embed\tomcat-embed-websocket\9.0.16\tomcat-embed-websocket-9.0.16.jar;C:\Users\zhaoyuyang\.m2\repository\org\springframework\boot\spring-boot-starter-web\2.2.0.BUILD-SNAPSHOT\spring-boot-starter-web-2.2.0.BUILD-SNAPSHOT.jar;C:\Users\zhaoyuyang\.m2\repository\org\springframework\boot\spring-boot-starter-json\2.2.0.BUILD-SNAPSHOT\spring-boot-starter-json-2.2.0.BUILD-SNAPSHOT.jar;C:\Users\zhaoyuyang\.m2\repository\com\fasterxml\jackson\datatype\jackson-datatype-jdk8\2.9.8\jackson-datatype-jdk8-2.9.8.jar;C:\Users\zhaoyuyang\.m2\repository\com\fasterxml\jackson\datatype\jackson-datatype-jsr310\2.9.8\jackson-datatype-jsr310-2.9.8.jar;C:\Users\zhaoyuyang\.m2\repository\com\fasterxml\jackson\module\jackson-module-parameter-names\2.9.8\jackson-module-parameter-names-2.9.8.jar;C:\Users\zhaoyuyang\.m2\repository\org\springframework\boot\spring-boot-starter-validation\2.2.0.BUILD-SNAPSHOT\spring-boot-starter-validation-2.2.0.BUILD-SNAPSHOT.jar;C:\Users\zhaoyuyang\.m2\repository\jakarta\validation\jakarta.validation-api\2.0.1\jakarta.validation-api-2.0.1.jar;C:\Users\zhaoyuyang\.m2\repository\org\hibernate\validator\hibernate-validator\6.0.15.Final\hibernate-validator-6.0.15.Final.jar;C:\Users\zhaoyuyang\.m2\repository\org\jboss\logging\jboss-logging\3.3.2.Final\jboss-logging-3.3.2.Final.jar;C:\Users\zhaoyuyang\.m2\repository\com\fasterxml\classmate\1.4.0\classmate-1.4.0.jar;C:\Users\zhaoyuyang\.m2\repository\org\springframework\spring-web\5.2.0.BUILD-SNAPSHOT\spring-web-5.2.0.BUILD-SNAPSHOT.jar;C:\Users\zhaoyuyang\.m2\repository\org\springframework\spring-beans\5.2.0.BUILD-SNAPSHOT\spring-beans-5.2.0.BUILD-SNAPSHOT.jar;C:\Users\zhaoyuyang\.m2\repository\org\springframework\spring-webmvc\5.2.0.BUILD-SNAPSHOT\spring-webmvc-5.2.0.BUILD-SNAPSHOT.jar;C:\Users\zhaoyuyang\.m2\repository\org\springframework\spring-expression\5.2.0.BUILD-SNAPSHOT\spring-expression-5.2.0.BUILD-SNAPSHOT.jar;C:\Users\zhaoyuyang\.m2\repository\org\springframework\boot\spring-boot-starter-freemarker\2.2.0.BUILD-SNAPSHOT\spring-boot-starter-freemarker-2.2.0.BUILD-SNAPSHOT.jar;C:\Users\zhaoyuyang\.m2\repository\org\freemarker\freemarker\2.3.28\freemarker-2.3.28.jar;C:\Users\zhaoyuyang\.m2\repository\org\springframework\spring-context-support\5.2.0.BUILD-SNAPSHOT\spring-context-support-5.2.0.BUILD-SNAPSHOT.jar;C:\Users\zhaoyuyang\.m2\repository\org\mybatis\spring\boot\mybatis-spring-boot-starter\2.0.0\mybatis-spring-boot-starter-2.0.0.jar;C:\Users\zhaoyuyang\.m2\repository\org\springframework\boot\spring-boot-starter-jdbc\2.2.0.BUILD-SNAPSHOT\spring-boot-starter-jdbc-2.2.0.BUILD-SNAPSHOT.jar;C:\Users\zhaoyuyang\.m2\repository\com\zaxxer\HikariCP\3.3.1\HikariCP-3.3.1.jar;C:\Users\zhaoyuyang\.m2\repository\org\springframework\spring-jdbc\5.2.0.BUILD-SNAPSHOT\spring-jdbc-5.2.0.BUILD-SNAPSHOT.jar;C:\Users\zhaoyuyang\.m2\repository\org\mybatis\spring\boot\mybatis-spring-boot-autoconfigure\2.0.0\mybatis-spring-boot-autoconfigure-2.0.0.jar;C:\Users\zhaoyuyang\.m2\repository\org\mybatis\mybatis\3.5.0\mybatis-3.5.0.jar;C:\Users\zhaoyuyang\.m2\repository\org\mybatis\mybatis-spring\2.0.0\mybatis-spring-2.0.0.jar;C:\Users\zhaoyuyang\.m2\repository\org\mybatis\generator\mybatis-generator-core\1.3.7\mybatis-generator-core-1.3.7.jar;C:\Users\zhaoyuyang\.m2\repository\com\alibaba\druid\1.1.14\druid-1.1.14.jar;C:\Users\zhaoyuyang\.m2\repository\com\alibaba\fastjson\1.2.47\fastjson-1.2.47.jar;C:\Users\zhaoyuyang\.m2\repository\mysql\mysql-connector-java\8.0.15\mysql-connector-java-8.0.15.jar;C:\Users\zhaoyuyang\.m2\repository\org\projectlombok\lombok\1.18.6\lombok-1.18.6.jar;C:\Users\zhaoyuyang\.m2\repository\org\springframework\boot\spring-boot-starter-test\2.2.0.BUILD-SNAPSHOT\spring-boot-starter-test-2.2.0.BUILD-SNAPSHOT.jar;C:\Users\zhaoyuyang\.m2\repository\org\springframework\boot\spring-boot-test\2.2.0.BUILD-SNAPSHOT\spring-boot-test-2.2.0.BUILD-SNAPSHOT.jar;C:\Users\zhaoyuyang\.m2\repository\org\springframework\boot\spring-boot-test-autoconfigure\2.2.0.BUILD-SNAPSHOT\spring-boot-test-autoconfigure-2.2.0.BUILD-SNAPSHOT.jar;C:\Users\zhaoyuyang\.m2\repository\com\jayway\jsonpath\json-path\2.4.0\json-path-2.4.0.jar;C:\Users\zhaoyuyang\.m2\repository\net\minidev\json-smart\2.3\json-smart-2.3.jar;C:\Users\zhaoyuyang\.m2\repository\net\minidev\accessors-smart\1.2\accessors-smart-1.2.jar;C:\Users\zhaoyuyang\.m2\repository\org\ow2\asm\asm\5.0.4\asm-5.0.4.jar;C:\Users\zhaoyuyang\.m2\repository\jakarta\xml\bind\jakarta.xml.bind-api\2.3.2\jakarta.xml.bind-api-2.3.2.jar;C:\Users\zhaoyuyang\.m2\repository\jakarta\activation\jakarta.activation-api\1.2.1\jakarta.activation-api-1.2.1.jar;C:\Users\zhaoyuyang\.m2\repository\junit\junit\4.12\junit-4.12.jar;C:\Users\zhaoyuyang\.m2\repository\org\assertj\assertj-core\3.12.1\assertj-core-3.12.1.jar;C:\Users\zhaoyuyang\.m2\repository\org\hamcrest\hamcrest-core\1.3\hamcrest-core-1.3.jar;C:\Users\zhaoyuyang\.m2\repository\org\hamcrest\hamcrest-library\1.3\hamcrest-library-1.3.jar;C:\Users\zhaoyuyang\.m2\repository\org\mockito\mockito-core\2.25.0\mockito-core-2.25.0.jar;C:\Users\zhaoyuyang\.m2\repository\net\bytebuddy\byte-buddy\1.9.10\byte-buddy-1.9.10.jar;C:\Users\zhaoyuyang\.m2\repository\net\bytebuddy\byte-buddy-agent\1.9.10\byte-buddy-agent-1.9.10.jar;C:\Users\zhaoyuyang\.m2\repository\org\objenesis\objenesis\2.6\objenesis-2.6.jar;C:\Users\zhaoyuyang\.m2\repository\org\skyscreamer\jsonassert\1.5.0\jsonassert-1.5.0.jar;C:\Users\zhaoyuyang\.m2\repository\com\vaadin\external\google\android-json\0.0.20131108.vaadin1\android-json-0.0.20131108.vaadin1.jar;C:\Users\zhaoyuyang\.m2\repository\org\springframework\spring-core\5.2.0.BUILD-SNAPSHOT\spring-core-5.2.0.BUILD-SNAPSHOT.jar;C:\Users\zhaoyuyang\.m2\repository\org\springframework\spring-jcl\5.2.0.BUILD-SNAPSHOT\spring-jcl-5.2.0.BUILD-SNAPSHOT.jar;C:\Users\zhaoyuyang\.m2\repository\org\springframework\spring-test\5.2.0.BUILD-SNAPSHOT\spring-test-5.2.0.BUILD-SNAPSHOT.jar;C:\Users\zhaoyuyang\.m2\repository\org\xmlunit\xmlunit-core\2.6.2\xmlunit-core-2.6.2.jar;C:\Users\zhaoyuyang\.m2\repository\commons-fileupload\commons-fileupload\1.3.1\commons-fileupload-1.3.1.jar;C:\Users\zhaoyuyang\.m2\repository\commons-io\commons-io\2.2\commons-io-2.2.jar;C:\Users\zhaoyuyang\.m2\repository\commons-logging\commons-logging\1.1.1\commons-logging-1.1.1.jar;C:\Users\zhaoyuyang\.m2\repository\org\apache\commons\commons-lang3\3.1\commons-lang3-3.1.jar;"/>
    <property name="java.vm.vendor" value="Oracle Corporation"/>
    <property name="sun.arch.data.model" value="64"/>
    <property name="user.variant" value=""/>
    <property name="java.vendor.url" value="http://java.oracle.com/"/>
    <property name="user.timezone" value="Asia/Shanghai"/>
    <property name="java.vm.specification.version" value="1.8"/>
    <property name="os.name" value="Windows 7"/>
    <property name="user.country" value="CN"/>
    <property name="sun.java.launcher" value="SUN_STANDARD"/>
    <property name="sun.boot.library.path" value="C:\Program Files\Java\jdk1.8.0_201\jre\bin"/>
    <property name="sun.java.command" value="C:\Users\ZHAOYU~1\AppData\Local\Temp\surefire6520305558943211747\surefirebooter2104993301001334627.jar C:\Users\zhaoyuyang\AppData\Local\Temp\surefire6520305558943211747 2019-03-28T10-07-13_227-jvmRun1 surefire3726146884522587908tmp surefire_03297360063026366441tmp"/>
    <property name="surefire.test.class.path" value="D:\workplace\java_eclipse\campuscommunity\target\test-classes;D:\workplace\java_eclipse\campuscommunity\target\classes;C:\Users\zhaoyuyang\.m2\repository\org\springframework\boot\spring-boot-starter-data-redis\2.2.0.BUILD-SNAPSHOT\spring-boot-starter-data-redis-2.2.0.BUILD-SNAPSHOT.jar;C:\Users\zhaoyuyang\.m2\repository\org\springframework\boot\spring-boot-starter\2.2.0.BUILD-SNAPSHOT\spring-boot-starter-2.2.0.BUILD-SNAPSHOT.jar;C:\Users\zhaoyuyang\.m2\repository\org\springframework\boot\spring-boot\2.2.0.BUILD-SNAPSHOT\spring-boot-2.2.0.BUILD-SNAPSHOT.jar;C:\Users\zhaoyuyang\.m2\repository\org\springframework\boot\spring-boot-autoconfigure\2.2.0.BUILD-SNAPSHOT\spring-boot-autoconfigure-2.2.0.BUILD-SNAPSHOT.jar;C:\Users\zhaoyuyang\.m2\repository\org\springframework\boot\spring-boot-starter-logging\2.2.0.BUILD-SNAPSHOT\spring-boot-starter-logging-2.2.0.BUILD-SNAPSHOT.jar;C:\Users\zhaoyuyang\.m2\repository\ch\qos\logback\logback-classic\1.2.3\logback-classic-1.2.3.jar;C:\Users\zhaoyuyang\.m2\repository\ch\qos\logback\logback-core\1.2.3\logback-core-1.2.3.jar;C:\Users\zhaoyuyang\.m2\repository\org\apache\logging\log4j\log4j-to-slf4j\2.11.2\log4j-to-slf4j-2.11.2.jar;C:\Users\zhaoyuyang\.m2\repository\org\apache\logging\log4j\log4j-api\2.11.2\log4j-api-2.11.2.jar;C:\Users\zhaoyuyang\.m2\repository\org\slf4j\jul-to-slf4j\1.7.26\jul-to-slf4j-1.7.26.jar;C:\Users\zhaoyuyang\.m2\repository\org\yaml\snakeyaml\1.24\snakeyaml-1.24.jar;C:\Users\zhaoyuyang\.m2\repository\org\springframework\data\spring-data-redis\2.2.0.M2\spring-data-redis-2.2.0.M2.jar;C:\Users\zhaoyuyang\.m2\repository\org\springframework\data\spring-data-keyvalue\2.2.0.M2\spring-data-keyvalue-2.2.0.M2.jar;C:\Users\zhaoyuyang\.m2\repository\org\springframework\spring-tx\5.2.0.BUILD-SNAPSHOT\spring-tx-5.2.0.BUILD-SNAPSHOT.jar;C:\Users\zhaoyuyang\.m2\repository\org\springframework\spring-oxm\5.2.0.BUILD-SNAPSHOT\spring-oxm-5.2.0.BUILD-SNAPSHOT.jar;C:\Users\zhaoyuyang\.m2\repository\org\springframework\spring-aop\5.2.0.BUILD-SNAPSHOT\spring-aop-5.2.0.BUILD-SNAPSHOT.jar;C:\Users\zhaoyuyang\.m2\repository\org\slf4j\slf4j-api\1.7.26\slf4j-api-1.7.26.jar;C:\Users\zhaoyuyang\.m2\repository\io\lettuce\lettuce-core\5.1.5.RELEASE\lettuce-core-5.1.5.RELEASE.jar;C:\Users\zhaoyuyang\.m2\repository\io\netty\netty-common\4.1.33.Final\netty-common-4.1.33.Final.jar;C:\Users\zhaoyuyang\.m2\repository\io\netty\netty-handler\4.1.33.Final\netty-handler-4.1.33.Final.jar;C:\Users\zhaoyuyang\.m2\repository\io\netty\netty-buffer\4.1.33.Final\netty-buffer-4.1.33.Final.jar;C:\Users\zhaoyuyang\.m2\repository\io\netty\netty-codec\4.1.33.Final\netty-codec-4.1.33.Final.jar;C:\Users\zhaoyuyang\.m2\repository\io\netty\netty-transport\4.1.33.Final\netty-transport-4.1.33.Final.jar;C:\Users\zhaoyuyang\.m2\repository\io\netty\netty-resolver\4.1.33.Final\netty-resolver-4.1.33.Final.jar;C:\Users\zhaoyuyang\.m2\repository\io\projectreactor\reactor-core\3.2.6.RELEASE\reactor-core-3.2.6.RELEASE.jar;C:\Users\zhaoyuyang\.m2\repository\org\reactivestreams\reactive-streams\1.0.2\reactive-streams-1.0.2.jar;C:\Users\zhaoyuyang\.m2\repository\org\springframework\boot\spring-boot-starter-data-solr\2.2.0.BUILD-SNAPSHOT\spring-boot-starter-data-solr-2.2.0.BUILD-SNAPSHOT.jar;C:\Users\zhaoyuyang\.m2\repository\org\apache\solr\solr-solrj\8.0.0\solr-solrj-8.0.0.jar;C:\Users\zhaoyuyang\.m2\repository\org\apache\commons\commons-math3\3.6.1\commons-math3-3.6.1.jar;C:\Users\zhaoyuyang\.m2\repository\org\apache\httpcomponents\httpclient\4.5.7\httpclient-4.5.7.jar;C:\Users\zhaoyuyang\.m2\repository\org\apache\httpcomponents\httpcore\4.4.11\httpcore-4.4.11.jar;C:\Users\zhaoyuyang\.m2\repository\org\apache\zookeeper\zookeeper\3.4.13\zookeeper-3.4.13.jar;C:\Users\zhaoyuyang\.m2\repository\org\codehaus\woodstox\stax2-api\3.1.4\stax2-api-3.1.4.jar;C:\Users\zhaoyuyang\.m2\repository\org\codehaus\woodstox\woodstox-core-asl\4.4.1\woodstox-core-asl-4.4.1.jar;C:\Users\zhaoyuyang\.m2\repository\org\eclipse\jetty\jetty-alpn-client\9.4.14.v20181114\jetty-alpn-client-9.4.14.v20181114.jar;C:\Users\zhaoyuyang\.m2\repository\org\eclipse\jetty\jetty-alpn-java-client\9.4.14.v20181114\jetty-alpn-java-client-9.4.14.v20181114.jar;C:\Users\zhaoyuyang\.m2\repository\org\eclipse\jetty\jetty-client\9.4.14.v20181114\jetty-client-9.4.14.v20181114.jar;C:\Users\zhaoyuyang\.m2\repository\org\eclipse\jetty\jetty-http\9.4.14.v20181114\jetty-http-9.4.14.v20181114.jar;C:\Users\zhaoyuyang\.m2\repository\org\eclipse\jetty\jetty-io\9.4.14.v20181114\jetty-io-9.4.14.v20181114.jar;C:\Users\zhaoyuyang\.m2\repository\org\eclipse\jetty\jetty-util\9.4.14.v20181114\jetty-util-9.4.14.v20181114.jar;C:\Users\zhaoyuyang\.m2\repository\org\eclipse\jetty\http2\http2-client\9.4.14.v20181114\http2-client-9.4.14.v20181114.jar;C:\Users\zhaoyuyang\.m2\repository\org\eclipse\jetty\http2\http2-common\9.4.14.v20181114\http2-common-9.4.14.v20181114.jar;C:\Users\zhaoyuyang\.m2\repository\org\eclipse\jetty\http2\http2-hpack\9.4.14.v20181114\http2-hpack-9.4.14.v20181114.jar;C:\Users\zhaoyuyang\.m2\repository\org\eclipse\jetty\http2\http2-http-client-transport\9.4.14.v20181114\http2-http-client-transport-9.4.14.v20181114.jar;C:\Users\zhaoyuyang\.m2\repository\org\noggit\noggit\0.8\noggit-0.8.jar;C:\Users\zhaoyuyang\.m2\repository\org\springframework\data\spring-data-solr\4.1.0.M2\spring-data-solr-4.1.0.M2.jar;C:\Users\zhaoyuyang\.m2\repository\org\springframework\spring-context\5.2.0.BUILD-SNAPSHOT\spring-context-5.2.0.BUILD-SNAPSHOT.jar;C:\Users\zhaoyuyang\.m2\repository\org\springframework\data\spring-data-commons\2.2.0.M2\spring-data-commons-2.2.0.M2.jar;C:\Users\zhaoyuyang\.m2\repository\com\fasterxml\jackson\core\jackson-databind\2.9.8\jackson-databind-2.9.8.jar;C:\Users\zhaoyuyang\.m2\repository\com\fasterxml\jackson\core\jackson-annotations\2.9.0\jackson-annotations-2.9.0.jar;C:\Users\zhaoyuyang\.m2\repository\com\fasterxml\jackson\core\jackson-core\2.9.8\jackson-core-2.9.8.jar;C:\Users\zhaoyuyang\.m2\repository\org\apache\httpcomponents\httpmime\4.5.7\httpmime-4.5.7.jar;C:\Users\zhaoyuyang\.m2\repository\org\springframework\boot\spring-boot-starter-tomcat\2.2.0.BUILD-SNAPSHOT\spring-boot-starter-tomcat-2.2.0.BUILD-SNAPSHOT.jar;C:\Users\zhaoyuyang\.m2\repository\jakarta\annotation\jakarta.annotation-api\1.3.4\jakarta.annotation-api-1.3.4.jar;C:\Users\zhaoyuyang\.m2\repository\org\apache\tomcat\embed\tomcat-embed-core\9.0.16\tomcat-embed-core-9.0.16.jar;C:\Users\zhaoyuyang\.m2\repository\org\apache\tomcat\embed\tomcat-embed-el\9.0.16\tomcat-embed-el-9.0.16.jar;C:\Users\zhaoyuyang\.m2\repository\org\apache\tomcat\embed\tomcat-embed-websocket\9.0.16\tomcat-embed-websocket-9.0.16.jar;C:\Users\zhaoyuyang\.m2\repository\org\springframework\boot\spring-boot-starter-web\2.2.0.BUILD-SNAPSHOT\spring-boot-starter-web-2.2.0.BUILD-SNAPSHOT.jar;C:\Users\zhaoyuyang\.m2\repository\org\springframework\boot\spring-boot-starter-json\2.2.0.BUILD-SNAPSHOT\spring-boot-starter-json-2.2.0.BUILD-SNAPSHOT.jar;C:\Users\zhaoyuyang\.m2\repository\com\fasterxml\jackson\datatype\jackson-datatype-jdk8\2.9.8\jackson-datatype-jdk8-2.9.8.jar;C:\Users\zhaoyuyang\.m2\repository\com\fasterxml\jackson\datatype\jackson-datatype-jsr310\2.9.8\jackson-datatype-jsr310-2.9.8.jar;C:\Users\zhaoyuyang\.m2\repository\com\fasterxml\jackson\module\jackson-module-parameter-names\2.9.8\jackson-module-parameter-names-2.9.8.jar;C:\Users\zhaoyuyang\.m2\repository\org\springframework\boot\spring-boot-starter-validation\2.2.0.BUILD-SNAPSHOT\spring-boot-starter-validation-2.2.0.BUILD-SNAPSHOT.jar;C:\Users\zhaoyuyang\.m2\repository\jakarta\validation\jakarta.validation-api\2.0.1\jakarta.validation-api-2.0.1.jar;C:\Users\zhaoyuyang\.m2\repository\org\hibernate\validator\hibernate-validator\6.0.15.Final\hibernate-validator-6.0.15.Final.jar;C:\Users\zhaoyuyang\.m2\repository\org\jboss\logging\jboss-logging\3.3.2.Final\jboss-logging-3.3.2.Final.jar;C:\Users\zhaoyuyang\.m2\repository\com\fasterxml\classmate\1.4.0\classmate-1.4.0.jar;C:\Users\zhaoyuyang\.m2\repository\org\springframework\spring-web\5.2.0.BUILD-SNAPSHOT\spring-web-5.2.0.BUILD-SNAPSHOT.jar;C:\Users\zhaoyuyang\.m2\repository\org\springframework\spring-beans\5.2.0.BUILD-SNAPSHOT\spring-beans-5.2.0.BUILD-SNAPSHOT.jar;C:\Users\zhaoyuyang\.m2\repository\org\springframework\spring-webmvc\5.2.0.BUILD-SNAPSHOT\spring-webmvc-5.2.0.BUILD-SNAPSHOT.jar;C:\Users\zhaoyuyang\.m2\repository\org\springframework\spring-expression\5.2.0.BUILD-SNAPSHOT\spring-expression-5.2.0.BUILD-SNAPSHOT.jar;C:\Users\zhaoyuyang\.m2\repository\org\springframework\boot\spring-boot-starter-freemarker\2.2.0.BUILD-SNAPSHOT\spring-boot-starter-freemarker-2.2.0.BUILD-SNAPSHOT.jar;C:\Users\zhaoyuyang\.m2\repository\org\freemarker\freemarker\2.3.28\freemarker-2.3.28.jar;C:\Users\zhaoyuyang\.m2\repository\org\springframework\spring-context-support\5.2.0.BUILD-SNAPSHOT\spring-context-support-5.2.0.BUILD-SNAPSHOT.jar;C:\Users\zhaoyuyang\.m2\repository\org\mybatis\spring\boot\mybatis-spring-boot-starter\2.0.0\mybatis-spring-boot-starter-2.0.0.jar;C:\Users\zhaoyuyang\.m2\repository\org\springframework\boot\spring-boot-starter-jdbc\2.2.0.BUILD-SNAPSHOT\spring-boot-starter-jdbc-2.2.0.BUILD-SNAPSHOT.jar;C:\Users\zhaoyuyang\.m2\repository\com\zaxxer\HikariCP\3.3.1\HikariCP-3.3.1.jar;C:\Users\zhaoyuyang\.m2\repository\org\springframework\spring-jdbc\5.2.0.BUILD-SNAPSHOT\spring-jdbc-5.2.0.BUILD-SNAPSHOT.jar;C:\Users\zhaoyuyang\.m2\repository\org\mybatis\spring\boot\mybatis-spring-boot-autoconfigure\2.0.0\mybatis-spring-boot-autoconfigure-2.0.0.jar;C:\Users\zhaoyuyang\.m2\repository\org\mybatis\mybatis\3.5.0\mybatis-3.5.0.jar;C:\Users\zhaoyuyang\.m2\repository\org\mybatis\mybatis-spring\2.0.0\mybatis-spring-2.0.0.jar;C:\Users\zhaoyuyang\.m2\repository\org\mybatis\generator\mybatis-generator-core\1.3.7\mybatis-generator-core-1.3.7.jar;C:\Users\zhaoyuyang\.m2\repository\com\alibaba\druid\1.1.14\druid-1.1.14.jar;C:\Users\zhaoyuyang\.m2\repository\com\alibaba\fastjson\1.2.47\fastjson-1.2.47.jar;C:\Users\zhaoyuyang\.m2\repository\mysql\mysql-connector-java\8.0.15\mysql-connector-java-8.0.15.jar;C:\Users\zhaoyuyang\.m2\repository\org\projectlombok\lombok\1.18.6\lombok-1.18.6.jar;C:\Users\zhaoyuyang\.m2\repository\org\springframework\boot\spring-boot-starter-test\2.2.0.BUILD-SNAPSHOT\spring-boot-starter-test-2.2.0.BUILD-SNAPSHOT.jar;C:\Users\zhaoyuyang\.m2\repository\org\springframework\boot\spring-boot-test\2.2.0.BUILD-SNAPSHOT\spring-boot-test-2.2.0.BUILD-SNAPSHOT.jar;C:\Users\zhaoyuyang\.m2\repository\org\springframework\boot\spring-boot-test-autoconfigure\2.2.0.BUILD-SNAPSHOT\spring-boot-test-autoconfigure-2.2.0.BUILD-SNAPSHOT.jar;C:\Users\zhaoyuyang\.m2\repository\com\jayway\jsonpath\json-path\2.4.0\json-path-2.4.0.jar;C:\Users\zhaoyuyang\.m2\repository\net\minidev\json-smart\2.3\json-smart-2.3.jar;C:\Users\zhaoyuyang\.m2\repository\net\minidev\accessors-smart\1.2\accessors-smart-1.2.jar;C:\Users\zhaoyuyang\.m2\repository\org\ow2\asm\asm\5.0.4\asm-5.0.4.jar;C:\Users\zhaoyuyang\.m2\repository\jakarta\xml\bind\jakarta.xml.bind-api\2.3.2\jakarta.xml.bind-api-2.3.2.jar;C:\Users\zhaoyuyang\.m2\repository\jakarta\activation\jakarta.activation-api\1.2.1\jakarta.activation-api-1.2.1.jar;C:\Users\zhaoyuyang\.m2\repository\junit\junit\4.12\junit-4.12.jar;C:\Users\zhaoyuyang\.m2\repository\org\assertj\assertj-core\3.12.1\assertj-core-3.12.1.jar;C:\Users\zhaoyuyang\.m2\repository\org\hamcrest\hamcrest-core\1.3\hamcrest-core-1.3.jar;C:\Users\zhaoyuyang\.m2\repository\org\hamcrest\hamcrest-library\1.3\hamcrest-library-1.3.jar;C:\Users\zhaoyuyang\.m2\repository\org\mockito\mockito-core\2.25.0\mockito-core-2.25.0.jar;C:\Users\zhaoyuyang\.m2\repository\net\bytebuddy\byte-buddy\1.9.10\byte-buddy-1.9.10.jar;C:\Users\zhaoyuyang\.m2\repository\net\bytebuddy\byte-buddy-agent\1.9.10\byte-buddy-agent-1.9.10.jar;C:\Users\zhaoyuyang\.m2\repository\org\objenesis\objenesis\2.6\objenesis-2.6.jar;C:\Users\zhaoyuyang\.m2\repository\org\skyscreamer\jsonassert\1.5.0\jsonassert-1.5.0.jar;C:\Users\zhaoyuyang\.m2\repository\com\vaadin\external\google\android-json\0.0.20131108.vaadin1\android-json-0.0.20131108.vaadin1.jar;C:\Users\zhaoyuyang\.m2\repository\org\springframework\spring-core\5.2.0.BUILD-SNAPSHOT\spring-core-5.2.0.BUILD-SNAPSHOT.jar;C:\Users\zhaoyuyang\.m2\repository\org\springframework\spring-jcl\5.2.0.BUILD-SNAPSHOT\spring-jcl-5.2.0.BUILD-SNAPSHOT.jar;C:\Users\zhaoyuyang\.m2\repository\org\springframework\spring-test\5.2.0.BUILD-SNAPSHOT\spring-test-5.2.0.BUILD-SNAPSHOT.jar;C:\Users\zhaoyuyang\.m2\repository\org\xmlunit\xmlunit-core\2.6.2\xmlunit-core-2.6.2.jar;C:\Users\zhaoyuyang\.m2\repository\commons-fileupload\commons-fileupload\1.3.1\commons-fileupload-1.3.1.jar;C:\Users\zhaoyuyang\.m2\repository\commons-io\commons-io\2.2\commons-io-2.2.jar;C:\Users\zhaoyuyang\.m2\repository\commons-logging\commons-logging\1.1.1\commons-logging-1.1.1.jar;C:\Users\zhaoyuyang\.m2\repository\org\apache\commons\commons-lang3\3.1\commons-lang3-3.1.jar;"/>
    <property name="sun.cpu.endian" value="little"/>
    <property name="user.home" value="C:\Users\zhaoyuyang"/>
    <property name="user.language" value="zh"/>
    <property name="java.specification.vendor" value="Oracle Corporation"/>
    <property name="java.home" value="C:\Program Files\Java\jdk1.8.0_201\jre"/>
    <property name="basedir" value="D:\workplace\java_eclipse\campuscommunity"/>
    <property name="file.separator" value="\"/>
    <property name="line.separator" value="&#10;"/>
    <property name="java.vm.specification.vendor" value="Oracle Corporation"/>
    <property name="java.specification.name" value="Java Platform API Specification"/>
    <property name="java.awt.graphicsenv" value="sun.awt.Win32GraphicsEnvironment"/>
    <property name="surefire.real.class.path" value="C:\Users\ZHAOYU~1\AppData\Local\Temp\surefire6520305558943211747\surefirebooter2104993301001334627.jar"/>
    <property name="sun.boot.class.path" value="C:\Program Files\Java\jdk1.8.0_201\jre\lib\resources.jar;C:\Program Files\Java\jdk1.8.0_201\jre\lib\rt.jar;C:\Program Files\Java\jdk1.8.0_201\jre\lib\sunrsasign.jar;C:\Program Files\Java\jdk1.8.0_201\jre\lib\jsse.jar;C:\Program Files\Java\jdk1.8.0_201\jre\lib\jce.jar;C:\Program Files\Java\jdk1.8.0_201\jre\lib\charsets.jar;C:\Program Files\Java\jdk1.8.0_201\jre\lib\jfr.jar;C:\Program Files\Java\jdk1.8.0_201\jre\classes"/>
    <property name="user.script" value=""/>
    <property name="sun.management.compiler" value="HotSpot 64-Bit Tiered Compilers"/>
    <property name="java.runtime.version" value="1.8.0_201-b09"/>
    <property name="user.name" value="zhaoyuyang"/>
    <property name="path.separator" value=";"/>
    <property name="os.version" value="6.1"/>
    <property name="java.endorsed.dirs" value="C:\Program Files\Java\jdk1.8.0_201\jre\lib\endorsed"/>
    <property name="java.runtime.name" value="Java(TM) SE Runtime Environment"/>
    <property name="file.encoding" value="GBK"/>
    <property name="java.vm.name" value="Java HotSpot(TM) 64-Bit Server VM"/>
    <property name="localRepository" value="C:\Users\zhaoyuyang\.m2\repository"/>
    <property name="java.vendor.url.bug" value="http://bugreport.sun.com/bugreport/"/>
    <property name="java.io.tmpdir" value="C:\Users\ZHAOYU~1\AppData\Local\Temp\"/>
    <property name="idea.version" value="2018.1.2"/>
    <property name="java.version" value="1.8.0_201"/>
    <property name="user.dir" value="D:\workplace\java_eclipse\campuscommunity"/>
    <property name="os.arch" value="amd64"/>
    <property name="java.vm.specification.name" value="Java Virtual Machine Specification"/>
    <property name="java.awt.printerjob" value="sun.awt.windows.WPrinterJob"/>
    <property name="sun.os.patch.level" value="Service Pack 1"/>
    <property name="java.library.path" value="C:\Program Files\Java\jdk1.8.0_201\jre\bin;C:\Windows\Sun\Java\bin;C:\Windows\system32;C:\Windows;C:\Program Files (x86)\Common Files\Oracle\Java\javapath;C:\Windows\system32;C:\Windows;C:\Windows\System32\Wbem;C:\Windows\System32\WindowsPowerShell\v1.0\;C:\Program Files (x86)\Common Files\NSEC\;C:\Program Files\Java\jdk1.8.0_201\bin;C:\Program Files\Java\jdk1.8.0_201\jre\bin;1\lib;1\bin;D:\tools\maven\apache-maven-3.6.0\bin;D:\tools\svn\bin;D:\tools\git\Git\cmd;;D:\tools\vs code\Microsoft VS Code\bin;."/>
    <property name="java.vm.info" value="mixed mode"/>
    <property name="java.vendor" value="Oracle Corporation"/>
    <property name="java.vm.version" value="25.201-b09"/>
    <property name="java.ext.dirs" value="C:\Program Files\Java\jdk1.8.0_201\jre\lib\ext;C:\Windows\Sun\Java\lib\ext"/>
    <property name="sun.io.unicode.encoding" value="UnicodeLittle"/>
    <property name="java.class.version" value="52.0"/>
  </properties>
  <testcase name="contextLoads" classname="zyy.campuscommunity.demo.CampuscommunityApplicationTests" time="2.266"/>
</testsuite>