<?xml version="1.0" encoding="UTF-8"?>
<testsuite xmlns:xsi="http://www.w3.org/2001/XMLSchema-instance" xsi:noNamespaceSchemaLocation="https://maven.apache.org/surefire/maven-surefire-plugin/xsd/surefire-test-report.xsd" name="zyy.campuscommunity.demo.CampuscommunityApplicationTests" time="14.932" tests="1" errors="0" skipped="0" failures="0">
  <properties>
    <property name="sun.desktop" value="windows"/>
    <property name="awt.toolkit" value="sun.awt.windows.WToolkit"/>
    <property name="file.encoding.pkg" value="sun.io"/>
    <property name="java.specification.version" value="1.8"/>
    <property name="sun.cpu.isalist" value="amd64"/>
    <property name="sun.jnu.encoding" value="GBK"/>
    <property name="java.class.path" value="D:\workplace\ideaPlace\campuscommunity\target\test-classes;D:\workplace\ideaPlace\campuscommunity\target\classes;C:\Users\Zhaoyy_PC\.m2\repository\org\springframework\boot\spring-boot-starter-data-redis\2.1.0.RELEASE\spring-boot-starter-data-redis-2.1.0.RELEASE.jar;C:\Users\Zhaoyy_PC\.m2\repository\org\springframework\boot\spring-boot-starter\2.1.0.RELEASE\spring-boot-starter-2.1.0.RELEASE.jar;C:\Users\Zhaoyy_PC\.m2\repository\org\springframework\boot\spring-boot\2.1.0.RELEASE\spring-boot-2.1.0.RELEASE.jar;C:\Users\Zhaoyy_PC\.m2\repository\org\springframework\boot\spring-boot-autoconfigure\2.1.0.RELEASE\spring-boot-autoconfigure-2.1.0.RELEASE.jar;C:\Users\Zhaoyy_PC\.m2\repository\org\springframework\boot\spring-boot-starter-logging\2.1.0.RELEASE\spring-boot-starter-logging-2.1.0.RELEASE.jar;C:\Users\Zhaoyy_PC\.m2\repository\ch\qos\logback\logback-classic\1.2.3\logback-classic-1.2.3.jar;C:\Users\Zhaoyy_PC\.m2\repository\ch\qos\logback\logback-core\1.2.3\logback-core-1.2.3.jar;C:\Users\Zhaoyy_PC\.m2\repository\org\apache\logging\log4j\log4j-to-slf4j\2.11.1\log4j-to-slf4j-2.11.1.jar;C:\Users\Zhaoyy_PC\.m2\repository\org\apache\logging\log4j\log4j-api\2.11.1\log4j-api-2.11.1.jar;C:\Users\Zhaoyy_PC\.m2\repository\org\slf4j\jul-to-slf4j\1.7.25\jul-to-slf4j-1.7.25.jar;C:\Users\Zhaoyy_PC\.m2\repository\org\yaml\snakeyaml\1.23\snakeyaml-1.23.jar;C:\Users\Zhaoyy_PC\.m2\repository\org\springframework\data\spring-data-redis\2.1.2.RELEASE\spring-data-redis-2.1.2.RELEASE.jar;C:\Users\Zhaoyy_PC\.m2\repository\org\springframework\data\spring-data-keyvalue\2.1.2.RELEASE\spring-data-keyvalue-2.1.2.RELEASE.jar;C:\Users\Zhaoyy_PC\.m2\repository\org\springframework\data\spring-data-commons\2.1.2.RELEASE\spring-data-commons-2.1.2.RELEASE.jar;C:\Users\Zhaoyy_PC\.m2\repository\org\springframework\spring-tx\5.1.2.RELEASE\spring-tx-5.1.2.RELEASE.jar;C:\Users\Zhaoyy_PC\.m2\repository\org\springframework\spring-oxm\5.1.2.RELEASE\spring-oxm-5.1.2.RELEASE.jar;C:\Users\Zhaoyy_PC\.m2\repository\org\springframework\spring-aop\5.1.2.RELEASE\spring-aop-5.1.2.RELEASE.jar;C:\Users\Zhaoyy_PC\.m2\repository\org\slf4j\slf4j-api\1.7.25\slf4j-api-1.7.25.jar;C:\Users\Zhaoyy_PC\.m2\repository\io\lettuce\lettuce-core\5.1.2.RELEASE\lettuce-core-5.1.2.RELEASE.jar;C:\Users\Zhaoyy_PC\.m2\repository\io\projectreactor\reactor-core\3.2.2.RELEASE\reactor-core-3.2.2.RELEASE.jar;C:\Users\Zhaoyy_PC\.m2\repository\org\reactivestreams\reactive-streams\1.0.2\reactive-streams-1.0.2.jar;C:\Users\Zhaoyy_PC\.m2\repository\io\netty\netty-common\4.1.29.Final\netty-common-4.1.29.Final.jar;C:\Users\Zhaoyy_PC\.m2\repository\io\netty\netty-transport\4.1.29.Final\netty-transport-4.1.29.Final.jar;C:\Users\Zhaoyy_PC\.m2\repository\io\netty\netty-buffer\4.1.29.Final\netty-buffer-4.1.29.Final.jar;C:\Users\Zhaoyy_PC\.m2\repository\io\netty\netty-resolver\4.1.29.Final\netty-resolver-4.1.29.Final.jar;C:\Users\Zhaoyy_PC\.m2\repository\io\netty\netty-handler\4.1.29.Final\netty-handler-4.1.29.Final.jar;C:\Users\Zhaoyy_PC\.m2\repository\io\netty\netty-codec\4.1.29.Final\netty-codec-4.1.29.Final.jar;C:\Users\Zhaoyy_PC\.m2\repository\org\springframework\boot\spring-boot-starter-tomcat\2.1.0.RELEASE\spring-boot-starter-tomcat-2.1.0.RELEASE.jar;C:\Users\Zhaoyy_PC\.m2\repository\javax\annotation\javax.annotation-api\1.3.2\javax.annotation-api-1.3.2.jar;C:\Users\Zhaoyy_PC\.m2\repository\org\apache\tomcat\embed\tomcat-embed-core\9.0.12\tomcat-embed-core-9.0.12.jar;C:\Users\Zhaoyy_PC\.m2\repository\org\apache\tomcat\embed\tomcat-embed-el\9.0.12\tomcat-embed-el-9.0.12.jar;C:\Users\Zhaoyy_PC\.m2\repository\org\apache\tomcat\embed\tomcat-embed-websocket\9.0.12\tomcat-embed-websocket-9.0.12.jar;C:\Users\Zhaoyy_PC\.m2\repository\org\springframework\boot\spring-boot-starter-web\2.1.0.RELEASE\spring-boot-starter-web-2.1.0.RELEASE.jar;C:\Users\Zhaoyy_PC\.m2\repository\org\springframework\boot\spring-boot-starter-json\2.1.0.RELEASE\spring-boot-starter-json-2.1.0.RELEASE.jar;C:\Users\Zhaoyy_PC\.m2\repository\com\fasterxml\jackson\core\jackson-databind\2.9.7\jackson-databind-2.9.7.jar;C:\Users\Zhaoyy_PC\.m2\repository\com\fasterxml\jackson\core\jackson-annotations\2.9.0\jackson-annotations-2.9.0.jar;C:\Users\Zhaoyy_PC\.m2\repository\com\fasterxml\jackson\core\jackson-core\2.9.7\jackson-core-2.9.7.jar;C:\Users\Zhaoyy_PC\.m2\repository\com\fasterxml\jackson\datatype\jackson-datatype-jdk8\2.9.7\jackson-datatype-jdk8-2.9.7.jar;C:\Users\Zhaoyy_PC\.m2\repository\com\fasterxml\jackson\datatype\jackson-datatype-jsr310\2.9.7\jackson-datatype-jsr310-2.9.7.jar;C:\Users\Zhaoyy_PC\.m2\repository\com\fasterxml\jackson\module\jackson-module-parameter-names\2.9.7\jackson-module-parameter-names-2.9.7.jar;C:\Users\Zhaoyy_PC\.m2\repository\org\hibernate\validator\hibernate-validator\6.0.13.Final\hibernate-validator-6.0.13.Final.jar;C:\Users\Zhaoyy_PC\.m2\repository\javax\validation\validation-api\2.0.1.Final\validation-api-2.0.1.Final.jar;C:\Users\Zhaoyy_PC\.m2\repository\org\jboss\logging\jboss-logging\3.3.2.Final\jboss-logging-3.3.2.Final.jar;C:\Users\Zhaoyy_PC\.m2\repository\com\fasterxml\classmate\1.4.0\classmate-1.4.0.jar;C:\Users\Zhaoyy_PC\.m2\repository\org\springframework\spring-web\5.1.2.RELEASE\spring-web-5.1.2.RELEASE.jar;C:\Users\Zhaoyy_PC\.m2\repository\org\springframework\spring-beans\5.1.2.RELEASE\spring-beans-5.1.2.RELEASE.jar;C:\Users\Zhaoyy_PC\.m2\repository\org\springframework\spring-webmvc\5.1.2.RELEASE\spring-webmvc-5.1.2.RELEASE.jar;C:\Users\Zhaoyy_PC\.m2\repository\org\springframework\spring-context\5.1.2.RELEASE\spring-context-5.1.2.RELEASE.jar;C:\Users\Zhaoyy_PC\.m2\repository\org\springframework\spring-expression\5.1.2.RELEASE\spring-expression-5.1.2.RELEASE.jar;C:\Users\Zhaoyy_PC\.m2\repository\org\springframework\boot\spring-boot-starter-freemarker\2.1.0.RELEASE\spring-boot-starter-freemarker-2.1.0.RELEASE.jar;C:\Users\Zhaoyy_PC\.m2\repository\org\freemarker\freemarker\2.3.28\freemarker-2.3.28.jar;C:\Users\Zhaoyy_PC\.m2\repository\org\springframework\spring-context-support\5.1.2.RELEASE\spring-context-support-5.1.2.RELEASE.jar;C:\Users\Zhaoyy_PC\.m2\repository\org\mybatis\spring\boot\mybatis-spring-boot-starter\2.0.0\mybatis-spring-boot-starter-2.0.0.jar;C:\Users\Zhaoyy_PC\.m2\repository\org\springframework\boot\spring-boot-starter-jdbc\2.1.0.RELEASE\spring-boot-starter-jdbc-2.1.0.RELEASE.jar;C:\Users\Zhaoyy_PC\.m2\repository\com\zaxxer\HikariCP\3.2.0\HikariCP-3.2.0.jar;C:\Users\Zhaoyy_PC\.m2\repository\org\springframework\spring-jdbc\5.1.2.RELEASE\spring-jdbc-5.1.2.RELEASE.jar;C:\Users\Zhaoyy_PC\.m2\repository\org\mybatis\spring\boot\mybatis-spring-boot-autoconfigure\2.0.0\mybatis-spring-boot-autoconfigure-2.0.0.jar;C:\Users\Zhaoyy_PC\.m2\repository\org\mybatis\mybatis\3.5.0\mybatis-3.5.0.jar;C:\Users\Zhaoyy_PC\.m2\repository\org\mybatis\mybatis-spring\2.0.0\mybatis-spring-2.0.0.jar;C:\Users\Zhaoyy_PC\.m2\repository\com\github\pagehelper\pagehelper-spring-boot-starter\1.2.10\pagehelper-spring-boot-starter-1.2.10.jar;C:\Users\Zhaoyy_PC\.m2\repository\com\github\pagehelper\pagehelper-spring-boot-autoconfigure\1.2.10\pagehelper-spring-boot-autoconfigure-1.2.10.jar;C:\Users\Zhaoyy_PC\.m2\repository\com\github\pagehelper\pagehelper\5.1.8\pagehelper-5.1.8.jar;C:\Users\Zhaoyy_PC\.m2\repository\com\github\jsqlparser\jsqlparser\1.2\jsqlparser-1.2.jar;C:\Users\Zhaoyy_PC\.m2\repository\org\mybatis\generator\mybatis-generator-core\1.3.7\mybatis-generator-core-1.3.7.jar;C:\Users\Zhaoyy_PC\.m2\repository\com\alibaba\druid\1.1.14\druid-1.1.14.jar;C:\Users\Zhaoyy_PC\.m2\repository\com\alibaba\fastjson\1.2.47\fastjson-1.2.47.jar;C:\Users\Zhaoyy_PC\.m2\repository\mysql\mysql-connector-java\8.0.13\mysql-connector-java-8.0.13.jar;C:\Users\Zhaoyy_PC\.m2\repository\org\projectlombok\lombok\1.18.2\lombok-1.18.2.jar;C:\Users\Zhaoyy_PC\.m2\repository\org\springframework\boot\spring-boot-starter-test\2.1.0.RELEASE\spring-boot-starter-test-2.1.0.RELEASE.jar;C:\Users\Zhaoyy_PC\.m2\repository\org\springframework\boot\spring-boot-test\2.1.0.RELEASE\spring-boot-test-2.1.0.RELEASE.jar;C:\Users\Zhaoyy_PC\.m2\repository\org\springframework\boot\spring-boot-test-autoconfigure\2.1.0.RELEASE\spring-boot-test-autoconfigure-2.1.0.RELEASE.jar;C:\Users\Zhaoyy_PC\.m2\repository\com\jayway\jsonpath\json-path\2.4.0\json-path-2.4.0.jar;C:\Users\Zhaoyy_PC\.m2\repository\net\minidev\json-smart\2.3\json-smart-2.3.jar;C:\Users\Zhaoyy_PC\.m2\repository\net\minidev\accessors-smart\1.2\accessors-smart-1.2.jar;C:\Users\Zhaoyy_PC\.m2\repository\org\ow2\asm\asm\5.0.4\asm-5.0.4.jar;C:\Users\Zhaoyy_PC\.m2\repository\junit\junit\4.12\junit-4.12.jar;C:\Users\Zhaoyy_PC\.m2\repository\org\assertj\assertj-core\3.11.1\assertj-core-3.11.1.jar;C:\Users\Zhaoyy_PC\.m2\repository\org\mockito\mockito-core\2.23.0\mockito-core-2.23.0.jar;C:\Users\Zhaoyy_PC\.m2\repository\net\bytebuddy\byte-buddy\1.9.3\byte-buddy-1.9.3.jar;C:\Users\Zhaoyy_PC\.m2\repository\net\bytebuddy\byte-buddy-agent\1.9.3\byte-buddy-agent-1.9.3.jar;C:\Users\Zhaoyy_PC\.m2\repository\org\objenesis\objenesis\2.6\objenesis-2.6.jar;C:\Users\Zhaoyy_PC\.m2\repository\org\hamcrest\hamcrest-core\1.3\hamcrest-core-1.3.jar;C:\Users\Zhaoyy_PC\.m2\repository\org\hamcrest\hamcrest-library\1.3\hamcrest-library-1.3.jar;C:\Users\Zhaoyy_PC\.m2\repository\org\skyscreamer\jsonassert\1.5.0\jsonassert-1.5.0.jar;C:\Users\Zhaoyy_PC\.m2\repository\com\vaadin\external\google\android-json\0.0.20131108.vaadin1\android-json-0.0.20131108.vaadin1.jar;C:\Users\Zhaoyy_PC\.m2\repository\org\springframework\spring-core\5.1.2.RELEASE\spring-core-5.1.2.RELEASE.jar;C:\Users\Zhaoyy_PC\.m2\repository\org\springframework\spring-jcl\5.1.2.RELEASE\spring-jcl-5.1.2.RELEASE.jar;C:\Users\Zhaoyy_PC\.m2\repository\org\springframework\spring-test\5.1.2.RELEASE\spring-test-5.1.2.RELEASE.jar;C:\Users\Zhaoyy_PC\.m2\repository\org\xmlunit\xmlunit-core\2.6.2\xmlunit-core-2.6.2.jar;C:\Users\Zhaoyy_PC\.m2\repository\commons-fileupload\commons-fileupload\1.3.1\commons-fileupload-1.3.1.jar;C:\Users\Zhaoyy_PC\.m2\repository\commons-io\commons-io\2.2\commons-io-2.2.jar;C:\Users\Zhaoyy_PC\.m2\repository\org\apache\commons\commons-lang3\3.1\commons-lang3-3.1.jar;"/>
    <property name="java.vm.vendor" value="Oracle Corporation"/>
    <property name="sun.arch.data.model" value="64"/>
    <property name="user.variant" value=""/>
    <property name="java.vendor.url" value="http://java.oracle.com/"/>
    <property name="user.timezone" value="Asia/Shanghai"/>
    <property name="java.vm.specification.version" value="1.8"/>
    <property name="os.name" value="Windows 10"/>
    <property name="user.country" value="CN"/>
    <property name="sun.java.launcher" value="SUN_STANDARD"/>
    <property name="sun.boot.library.path" value="C:\Program Files\Java\jdk1.8.0_121\jre\bin"/>
    <property name="sun.java.command" value="C:\Users\ZHAOYY~1\AppData\Local\Temp\surefire4332990974837378735\surefirebooter5845250263534925781.jar C:\Users\Zhaoyy_PC\AppData\Local\Temp\surefire4332990974837378735 2019-06-12T17-59-18_070-jvmRun1 surefire8885478060468500018tmp surefire_03159292156815056639tmp"/>
    <property name="surefire.test.class.path" value="D:\workplace\ideaPlace\campuscommunity\target\test-classes;D:\workplace\ideaPlace\campuscommunity\target\classes;C:\Users\Zhaoyy_PC\.m2\repository\org\springframework\boot\spring-boot-starter-data-redis\2.1.0.RELEASE\spring-boot-starter-data-redis-2.1.0.RELEASE.jar;C:\Users\Zhaoyy_PC\.m2\repository\org\springframework\boot\spring-boot-starter\2.1.0.RELEASE\spring-boot-starter-2.1.0.RELEASE.jar;C:\Users\Zhaoyy_PC\.m2\repository\org\springframework\boot\spring-boot\2.1.0.RELEASE\spring-boot-2.1.0.RELEASE.jar;C:\Users\Zhaoyy_PC\.m2\repository\org\springframework\boot\spring-boot-autoconfigure\2.1.0.RELEASE\spring-boot-autoconfigure-2.1.0.RELEASE.jar;C:\Users\Zhaoyy_PC\.m2\repository\org\springframework\boot\spring-boot-starter-logging\2.1.0.RELEASE\spring-boot-starter-logging-2.1.0.RELEASE.jar;C:\Users\Zhaoyy_PC\.m2\repository\ch\qos\logback\logback-classic\1.2.3\logback-classic-1.2.3.jar;C:\Users\Zhaoyy_PC\.m2\repository\ch\qos\logback\logback-core\1.2.3\logback-core-1.2.3.jar;C:\Users\Zhaoyy_PC\.m2\repository\org\apache\logging\log4j\log4j-to-slf4j\2.11.1\log4j-to-slf4j-2.11.1.jar;C:\Users\Zhaoyy_PC\.m2\repository\org\apache\logging\log4j\log4j-api\2.11.1\log4j-api-2.11.1.jar;C:\Users\Zhaoyy_PC\.m2\repository\org\slf4j\jul-to-slf4j\1.7.25\jul-to-slf4j-1.7.25.jar;C:\Users\Zhaoyy_PC\.m2\repository\org\yaml\snakeyaml\1.23\snakeyaml-1.23.jar;C:\Users\Zhaoyy_PC\.m2\repository\org\springframework\data\spring-data-redis\2.1.2.RELEASE\spring-data-redis-2.1.2.RELEASE.jar;C:\Users\Zhaoyy_PC\.m2\repository\org\springframework\data\spring-data-keyvalue\2.1.2.RELEASE\spring-data-keyvalue-2.1.2.RELEASE.jar;C:\Users\Zhaoyy_PC\.m2\repository\org\springframework\data\spring-data-commons\2.1.2.RELEASE\spring-data-commons-2.1.2.RELEASE.jar;C:\Users\Zhaoyy_PC\.m2\repository\org\springframework\spring-tx\5.1.2.RELEASE\spring-tx-5.1.2.RELEASE.jar;C:\Users\Zhaoyy_PC\.m2\repository\org\springframework\spring-oxm\5.1.2.RELEASE\spring-oxm-5.1.2.RELEASE.jar;C:\Users\Zhaoyy_PC\.m2\repository\org\springframework\spring-aop\5.1.2.RELEASE\spring-aop-5.1.2.RELEASE.jar;C:\Users\Zhaoyy_PC\.m2\repository\org\slf4j\slf4j-api\1.7.25\slf4j-api-1.7.25.jar;C:\Users\Zhaoyy_PC\.m2\repository\io\lettuce\lettuce-core\5.1.2.RELEASE\lettuce-core-5.1.2.RELEASE.jar;C:\Users\Zhaoyy_PC\.m2\repository\io\projectreactor\reactor-core\3.2.2.RELEASE\reactor-core-3.2.2.RELEASE.jar;C:\Users\Zhaoyy_PC\.m2\repository\org\reactivestreams\reactive-streams\1.0.2\reactive-streams-1.0.2.jar;C:\Users\Zhaoyy_PC\.m2\repository\io\netty\netty-common\4.1.29.Final\netty-common-4.1.29.Final.jar;C:\Users\Zhaoyy_PC\.m2\repository\io\netty\netty-transport\4.1.29.Final\netty-transport-4.1.29.Final.jar;C:\Users\Zhaoyy_PC\.m2\repository\io\netty\netty-buffer\4.1.29.Final\netty-buffer-4.1.29.Final.jar;C:\Users\Zhaoyy_PC\.m2\repository\io\netty\netty-resolver\4.1.29.Final\netty-resolver-4.1.29.Final.jar;C:\Users\Zhaoyy_PC\.m2\repository\io\netty\netty-handler\4.1.29.Final\netty-handler-4.1.29.Final.jar;C:\Users\Zhaoyy_PC\.m2\repository\io\netty\netty-codec\4.1.29.Final\netty-codec-4.1.29.Final.jar;C:\Users\Zhaoyy_PC\.m2\repository\org\springframework\boot\spring-boot-starter-tomcat\2.1.0.RELEASE\spring-boot-starter-tomcat-2.1.0.RELEASE.jar;C:\Users\Zhaoyy_PC\.m2\repository\javax\annotation\javax.annotation-api\1.3.2\javax.annotation-api-1.3.2.jar;C:\Users\Zhaoyy_PC\.m2\repository\org\apache\tomcat\embed\tomcat-embed-core\9.0.12\tomcat-embed-core-9.0.12.jar;C:\Users\Zhaoyy_PC\.m2\repository\org\apache\tomcat\embed\tomcat-embed-el\9.0.12\tomcat-embed-el-9.0.12.jar;C:\Users\Zhaoyy_PC\.m2\repository\org\apache\tomcat\embed\tomcat-embed-websocket\9.0.12\tomcat-embed-websocket-9.0.12.jar;C:\Users\Zhaoyy_PC\.m2\repository\org\springframework\boot\spring-boot-starter-web\2.1.0.RELEASE\spring-boot-starter-web-2.1.0.RELEASE.jar;C:\Users\Zhaoyy_PC\.m2\repository\org\springframework\boot\spring-boot-starter-json\2.1.0.RELEASE\spring-boot-starter-json-2.1.0.RELEASE.jar;C:\Users\Zhaoyy_PC\.m2\repository\com\fasterxml\jackson\core\jackson-databind\2.9.7\jackson-databind-2.9.7.jar;C:\Users\Zhaoyy_PC\.m2\repository\com\fasterxml\jackson\core\jackson-annotations\2.9.0\jackson-annotations-2.9.0.jar;C:\Users\Zhaoyy_PC\.m2\repository\com\fasterxml\jackson\core\jackson-core\2.9.7\jackson-core-2.9.7.jar;C:\Users\Zhaoyy_PC\.m2\repository\com\fasterxml\jackson\datatype\jackson-datatype-jdk8\2.9.7\jackson-datatype-jdk8-2.9.7.jar;C:\Users\Zhaoyy_PC\.m2\repository\com\fasterxml\jackson\datatype\jackson-datatype-jsr310\2.9.7\jackson-datatype-jsr310-2.9.7.jar;C:\Users\Zhaoyy_PC\.m2\repository\com\fasterxml\jackson\module\jackson-module-parameter-names\2.9.7\jackson-module-parameter-names-2.9.7.jar;C:\Users\Zhaoyy_PC\.m2\repository\org\hibernate\validator\hibernate-validator\6.0.13.Final\hibernate-validator-6.0.13.Final.jar;C:\Users\Zhaoyy_PC\.m2\repository\javax\validation\validation-api\2.0.1.Final\validation-api-2.0.1.Final.jar;C:\Users\Zhaoyy_PC\.m2\repository\org\jboss\logging\jboss-logging\3.3.2.Final\jboss-logging-3.3.2.Final.jar;C:\Users\Zhaoyy_PC\.m2\repository\com\fasterxml\classmate\1.4.0\classmate-1.4.0.jar;C:\Users\Zhaoyy_PC\.m2\repository\org\springframework\spring-web\5.1.2.RELEASE\spring-web-5.1.2.RELEASE.jar;C:\Users\Zhaoyy_PC\.m2\repository\org\springframework\spring-beans\5.1.2.RELEASE\spring-beans-5.1.2.RELEASE.jar;C:\Users\Zhaoyy_PC\.m2\repository\org\springframework\spring-webmvc\5.1.2.RELEASE\spring-webmvc-5.1.2.RELEASE.jar;C:\Users\Zhaoyy_PC\.m2\repository\org\springframework\spring-context\5.1.2.RELEASE\spring-context-5.1.2.RELEASE.jar;C:\Users\Zhaoyy_PC\.m2\repository\org\springframework\spring-expression\5.1.2.RELEASE\spring-expression-5.1.2.RELEASE.jar;C:\Users\Zhaoyy_PC\.m2\repository\org\springframework\boot\spring-boot-starter-freemarker\2.1.0.RELEASE\spring-boot-starter-freemarker-2.1.0.RELEASE.jar;C:\Users\Zhaoyy_PC\.m2\repository\org\freemarker\freemarker\2.3.28\freemarker-2.3.28.jar;C:\Users\Zhaoyy_PC\.m2\repository\org\springframework\spring-context-support\5.1.2.RELEASE\spring-context-support-5.1.2.RELEASE.jar;C:\Users\Zhaoyy_PC\.m2\repository\org\mybatis\spring\boot\mybatis-spring-boot-starter\2.0.0\mybatis-spring-boot-starter-2.0.0.jar;C:\Users\Zhaoyy_PC\.m2\repository\org\springframework\boot\spring-boot-starter-jdbc\2.1.0.RELEASE\spring-boot-starter-jdbc-2.1.0.RELEASE.jar;C:\Users\Zhaoyy_PC\.m2\repository\com\zaxxer\HikariCP\3.2.0\HikariCP-3.2.0.jar;C:\Users\Zhaoyy_PC\.m2\repository\org\springframework\spring-jdbc\5.1.2.RELEASE\spring-jdbc-5.1.2.RELEASE.jar;C:\Users\Zhaoyy_PC\.m2\repository\org\mybatis\spring\boot\mybatis-spring-boot-autoconfigure\2.0.0\mybatis-spring-boot-autoconfigure-2.0.0.jar;C:\Users\Zhaoyy_PC\.m2\repository\org\mybatis\mybatis\3.5.0\mybatis-3.5.0.jar;C:\Users\Zhaoyy_PC\.m2\repository\org\mybatis\mybatis-spring\2.0.0\mybatis-spring-2.0.0.jar;C:\Users\Zhaoyy_PC\.m2\repository\com\github\pagehelper\pagehelper-spring-boot-starter\1.2.10\pagehelper-spring-boot-starter-1.2.10.jar;C:\Users\Zhaoyy_PC\.m2\repository\com\github\pagehelper\pagehelper-spring-boot-autoconfigure\1.2.10\pagehelper-spring-boot-autoconfigure-1.2.10.jar;C:\Users\Zhaoyy_PC\.m2\repository\com\github\pagehelper\pagehelper\5.1.8\pagehelper-5.1.8.jar;C:\Users\Zhaoyy_PC\.m2\repository\com\github\jsqlparser\jsqlparser\1.2\jsqlparser-1.2.jar;C:\Users\Zhaoyy_PC\.m2\repository\org\mybatis\generator\mybatis-generator-core\1.3.7\mybatis-generator-core-1.3.7.jar;C:\Users\Zhaoyy_PC\.m2\repository\com\alibaba\druid\1.1.14\druid-1.1.14.jar;C:\Users\Zhaoyy_PC\.m2\repository\com\alibaba\fastjson\1.2.47\fastjson-1.2.47.jar;C:\Users\Zhaoyy_PC\.m2\repository\mysql\mysql-connector-java\8.0.13\mysql-connector-java-8.0.13.jar;C:\Users\Zhaoyy_PC\.m2\repository\org\projectlombok\lombok\1.18.2\lombok-1.18.2.jar;C:\Users\Zhaoyy_PC\.m2\repository\org\springframework\boot\spring-boot-starter-test\2.1.0.RELEASE\spring-boot-starter-test-2.1.0.RELEASE.jar;C:\Users\Zhaoyy_PC\.m2\repository\org\springframework\boot\spring-boot-test\2.1.0.RELEASE\spring-boot-test-2.1.0.RELEASE.jar;C:\Users\Zhaoyy_PC\.m2\repository\org\springframework\boot\spring-boot-test-autoconfigure\2.1.0.RELEASE\spring-boot-test-autoconfigure-2.1.0.RELEASE.jar;C:\Users\Zhaoyy_PC\.m2\repository\com\jayway\jsonpath\json-path\2.4.0\json-path-2.4.0.jar;C:\Users\Zhaoyy_PC\.m2\repository\net\minidev\json-smart\2.3\json-smart-2.3.jar;C:\Users\Zhaoyy_PC\.m2\repository\net\minidev\accessors-smart\1.2\accessors-smart-1.2.jar;C:\Users\Zhaoyy_PC\.m2\repository\org\ow2\asm\asm\5.0.4\asm-5.0.4.jar;C:\Users\Zhaoyy_PC\.m2\repository\junit\junit\4.12\junit-4.12.jar;C:\Users\Zhaoyy_PC\.m2\repository\org\assertj\assertj-core\3.11.1\assertj-core-3.11.1.jar;C:\Users\Zhaoyy_PC\.m2\repository\org\mockito\mockito-core\2.23.0\mockito-core-2.23.0.jar;C:\Users\Zhaoyy_PC\.m2\repository\net\bytebuddy\byte-buddy\1.9.3\byte-buddy-1.9.3.jar;C:\Users\Zhaoyy_PC\.m2\repository\net\bytebuddy\byte-buddy-agent\1.9.3\byte-buddy-agent-1.9.3.jar;C:\Users\Zhaoyy_PC\.m2\repository\org\objenesis\objenesis\2.6\objenesis-2.6.jar;C:\Users\Zhaoyy_PC\.m2\repository\org\hamcrest\hamcrest-core\1.3\hamcrest-core-1.3.jar;C:\Users\Zhaoyy_PC\.m2\repository\org\hamcrest\hamcrest-library\1.3\hamcrest-library-1.3.jar;C:\Users\Zhaoyy_PC\.m2\repository\org\skyscreamer\jsonassert\1.5.0\jsonassert-1.5.0.jar;C:\Users\Zhaoyy_PC\.m2\repository\com\vaadin\external\google\android-json\0.0.20131108.vaadin1\android-json-0.0.20131108.vaadin1.jar;C:\Users\Zhaoyy_PC\.m2\repository\org\springframework\spring-core\5.1.2.RELEASE\spring-core-5.1.2.RELEASE.jar;C:\Users\Zhaoyy_PC\.m2\repository\org\springframework\spring-jcl\5.1.2.RELEASE\spring-jcl-5.1.2.RELEASE.jar;C:\Users\Zhaoyy_PC\.m2\repository\org\springframework\spring-test\5.1.2.RELEASE\spring-test-5.1.2.RELEASE.jar;C:\Users\Zhaoyy_PC\.m2\repository\org\xmlunit\xmlunit-core\2.6.2\xmlunit-core-2.6.2.jar;C:\Users\Zhaoyy_PC\.m2\repository\commons-fileupload\commons-fileupload\1.3.1\commons-fileupload-1.3.1.jar;C:\Users\Zhaoyy_PC\.m2\repository\commons-io\commons-io\2.2\commons-io-2.2.jar;C:\Users\Zhaoyy_PC\.m2\repository\org\apache\commons\commons-lang3\3.1\commons-lang3-3.1.jar;"/>
    <property name="sun.cpu.endian" value="little"/>
    <property name="user.home" value="C:\Users\Zhaoyy_PC"/>
    <property name="user.language" value="zh"/>
    <property name="java.specification.vendor" value="Oracle Corporation"/>
    <property name="java.home" value="C:\Program Files\Java\jdk1.8.0_121\jre"/>
    <property name="basedir" value="D:\workplace\ideaPlace\campuscommunity"/>
    <property name="file.separator" value="\"/>
    <property name="line.separator" value="&#10;"/>
    <property name="java.vm.specification.vendor" value="Oracle Corporation"/>
    <property name="java.specification.name" value="Java Platform API Specification"/>
    <property name="java.awt.graphicsenv" value="sun.awt.Win32GraphicsEnvironment"/>
    <property name="surefire.real.class.path" value="C:\Users\ZHAOYY~1\AppData\Local\Temp\surefire4332990974837378735\surefirebooter5845250263534925781.jar"/>
    <property name="sun.boot.class.path" value="C:\Program Files\Java\jdk1.8.0_121\jre\lib\resources.jar;C:\Program Files\Java\jdk1.8.0_121\jre\lib\rt.jar;C:\Program Files\Java\jdk1.8.0_121\jre\lib\sunrsasign.jar;C:\Program Files\Java\jdk1.8.0_121\jre\lib\jsse.jar;C:\Program Files\Java\jdk1.8.0_121\jre\lib\jce.jar;C:\Program Files\Java\jdk1.8.0_121\jre\lib\charsets.jar;C:\Program Files\Java\jdk1.8.0_121\jre\lib\jfr.jar;C:\Program Files\Java\jdk1.8.0_121\jre\classes"/>
    <property name="user.script" value=""/>
    <property name="sun.management.compiler" value="HotSpot 64-Bit Tiered Compilers"/>
    <property name="java.runtime.version" value="1.8.0_121-b13"/>
    <property name="user.name" value="Zhaoyy_PC"/>
    <property name="path.separator" value=";"/>
    <property name="os.version" value="10.0"/>
    <property name="java.endorsed.dirs" value="C:\Program Files\Java\jdk1.8.0_121\jre\lib\endorsed"/>
    <property name="java.runtime.name" value="Java(TM) SE Runtime Environment"/>
    <property name="file.encoding" value="GBK"/>
    <property name="java.vm.name" value="Java HotSpot(TM) 64-Bit Server VM"/>
    <property name="localRepository" value="C:\Users\Zhaoyy_PC\.m2\repository"/>
    <property name="java.vendor.url.bug" value="http://bugreport.sun.com/bugreport/"/>
    <property name="java.io.tmpdir" value="C:\Users\ZHAOYY~1\AppData\Local\Temp\"/>
    <property name="idea.version" value="2018.1.7"/>
    <property name="java.version" value="1.8.0_121"/>
    <property name="user.dir" value="D:\workplace\ideaPlace\campuscommunity"/>
    <property name="os.arch" value="amd64"/>
    <property name="java.vm.specification.name" value="Java Virtual Machine Specification"/>
    <property name="java.awt.printerjob" value="sun.awt.windows.WPrinterJob"/>
    <property name="sun.os.patch.level" value=""/>
    <property name="java.library.path" value="C:\Program Files\Java\jdk1.8.0_121\jre\bin;C:\WINDOWS\Sun\Java\bin;C:\WINDOWS\system32;C:\WINDOWS;C:\ProgramData\Oracle\Java\javapath;C:\WINDOWS\system32;C:\WINDOWS;C:\WINDOWS\System32\Wbem;C:\WINDOWS\System32\WindowsPowerShell\v1.0\;D:\tools\mysql5.7.12\mysql-5.7.12-winx64\bin;D:\tools\python3;C:\WINDOWS\System32\OpenSSH\;D:\tools\svn\bin;D:\tools\node\;C:\Program Files (x86)\NVIDIA Corporation\PhysX\Common;C:\Program Files\NVIDIA Corporation\NVIDIA NvDLISR;C:\Users\Zhaoyy_PC\.app\;C:\Program Files\Java\jdk1.8.0_121\bin;C:\Program Files\Java\jre1.8.0_121\bin;D:\myIcon;;C:\Users\Zhaoyy_PC\AppData\Local\Microsoft\WindowsApps;D:\tools\vscode\Microsoft VS Code\bin;C:\Users\Zhaoyy_PC\AppData\Roaming\npm;."/>
    <property name="java.vm.info" value="mixed mode"/>
    <property name="java.vendor" value="Oracle Corporation"/>
    <property name="java.vm.version" value="25.121-b13"/>
    <property name="java.ext.dirs" value="C:\Program Files\Java\jdk1.8.0_121\jre\lib\ext;C:\WINDOWS\Sun\Java\lib\ext"/>
    <property name="sun.io.unicode.encoding" value="UnicodeLittle"/>
    <property name="java.class.version" value="52.0"/>
  </properties>
  <testcase name="getCollegeDistribute" classname="zyy.campuscommunity.demo.CampuscommunityApplicationTests" time="2.439"/>
</testsuite>